<?xml version="1.0" encoding="UTF-8"?>
<!-- Generated by org.testng.reporters.JUnitReportReporter -->
<testsuite hostname="DESKTOP-FTQ8L4C" failures="0" tests="1" name="com.qa.Undostres.TestPages.UndostresVarification" time="5.364" errors="0" timestamp="2022-08-01T10:35:33 IST" skipped="0">
  <testcase classname="com.qa.Undostres.TestPages.UndostresVarification" name="VerifyHomePage" time="5.364"/>
  <system-out/>
</testsuite> <!-- com.qa.Undostres.TestPages.UndostresVarification -->
